<?xml version="1.0" encoding="UTF-8"?>
<!-- Generated by org.testng.reporters.JUnitReportReporter -->
<testsuite hostname="DESKTOP-0N88LAP" failures="0" tests="1" name="com.qa.testcode.TC_GETMethod_02" time="9.213" errors="0" timestamp="2022-02-20T21:23:30 IST" skipped="0">
  <testcase classname="com.qa.testcode.TC_GETMethod_02" name="getMethodDemo" time="9.213"/>
  <system-out/>
</testsuite> <!-- com.qa.testcode.TC_GETMethod_02 -->
