<?xml version="1.0" encoding="UTF-8"?>
<!-- Generated by org.testng.reporters.JUnitReportReporter -->
<testsuite hostname="DESKTOP-0N88LAP" failures="0" tests="3" name="com.qa.testcode.TC_DDT_DELETE_01" time="7.439" errors="0" timestamp="2022-02-20T21:44:36 IST" skipped="0">
  <testcase classname="com.qa.testcode.TC_DDT_DELETE_01" name="deleteRecord" time="6.217"/>
  <system-out/>
  <testcase classname="com.qa.testcode.TC_DDT_DELETE_01" name="deleteRecord" time="0.648"/>
  <system-out/>
  <testcase classname="com.qa.testcode.TC_DDT_DELETE_01" name="deleteRecord" time="0.574"/>
  <system-out/>
</testsuite> <!-- com.qa.testcode.TC_DDT_DELETE_01 -->
