<?xml version="1.0" encoding="UTF-8"?>
<!-- Generated by org.testng.reporters.JUnitReportReporter -->
<testsuite hostname="DESKTOP-0N88LAP" failures="0" tests="1" name="com.qa.testcode.TC_DELETEMethod_01" time="9.481" errors="0" timestamp="2022-02-20T21:39:47 IST" skipped="0">
  <testcase classname="com.qa.testcode.TC_DELETEMethod_01" name="DeleteDemo" time="9.481"/>
  <system-out/>
</testsuite> <!-- com.qa.testcode.TC_DELETEMethod_01 -->
