<?xml version="1.0" encoding="UTF-8"?>
<!-- Generated by org.testng.reporters.JUnitReportReporter -->
<testsuite hostname="DESKTOP-0N88LAP" failures="0" tests="3" name="com.qa.testcode.TC_DDT_POST_01" time="7.141" errors="0" timestamp="2022-02-20T21:42:35 IST" skipped="0">
  <testcase classname="com.qa.testcode.TC_DDT_POST_01" name="PostRecord" time="0.993"/>
  <system-out/>
  <testcase classname="com.qa.testcode.TC_DDT_POST_01" name="PostRecord" time="5.589"/>
  <system-out/>
  <testcase classname="com.qa.testcode.TC_DDT_POST_01" name="PostRecord" time="0.559"/>
  <system-out/>
</testsuite> <!-- com.qa.testcode.TC_DDT_POST_01 -->
