<?xml version="1.0" encoding="UTF-8"?>
<!-- Generated by org.testng.reporters.JUnitReportReporter -->
<testsuite hostname="DESKTOP-0N88LAP" failures="0" tests="2" name="com.qa.testcode.TC_POSTMethod_01" time="6.731" errors="0" timestamp="2022-02-20T21:29:36 IST" skipped="0">
  <testcase classname="com.qa.testcode.TC_POSTMethod_01" name="postMethodDemowithoutMap" time="6.692"/>
  <system-out/>
  <testcase classname="com.qa.testcode.TC_POSTMethod_01" name="postMethodDemowithMap" time="0.039"/>
  <system-out/>
</testsuite> <!-- com.qa.testcode.TC_POSTMethod_01 -->
