<?xml version="1.0" encoding="UTF-8"?>
<!-- Generated by org.testng.reporters.JUnitReportReporter -->
<testsuite hostname="DESKTOP-0N88LAP" failures="0" tests="1" name="com.qa.testcode.TC_PUTMethod_01" time="7.628" errors="0" timestamp="2022-02-20T21:37:54 IST" skipped="0">
  <testcase classname="com.qa.testcode.TC_PUTMethod_01" name="PUTMethodDemo" time="7.628"/>
  <system-out/>
</testsuite> <!-- com.qa.testcode.TC_PUTMethod_01 -->
